<?xml version="1.0" encoding="UTF-8"?>
<robot generator="Robot 3.2.2 (Python 3.9.4 on win32)" generated="20210615 22:15:32.929" rpa="false">
<suite id="s1" name="TestSuite1" source="D:\Projects\eclipse-workspace\proj1\test\TestSuite1.robot">
<kw name="Log" library="BuiltIn" type="setup">
<doc>Logs the given message with the given level.</doc>
<arguments>
<arg>I am inside Test Suite Setup</arg>
</arguments>
<msg timestamp="20210615 22:15:33.204" level="INFO">I am inside Test Suite Setup</msg>
<status status="PASS" starttime="20210615 22:15:33.204" endtime="20210615 22:15:33.205"></status>
</kw>
<test id="s1-t1" name="MyFirstTest">
<kw name="Log" library="BuiltIn" type="setup">
<doc>Logs the given message with the given level.</doc>
<arguments>
<arg>I am inside Test Setup</arg>
</arguments>
<msg timestamp="20210615 22:15:33.206" level="INFO">I am inside Test Setup</msg>
<status status="PASS" starttime="20210615 22:15:33.206" endtime="20210615 22:15:33.206"></status>
</kw>
<kw name="Log" library="BuiltIn">
<doc>Logs the given message with the given level.</doc>
<arguments>
<arg>Hello World...</arg>
</arguments>
<msg timestamp="20210615 22:15:33.207" level="INFO">Hello World...</msg>
<status status="PASS" starttime="20210615 22:15:33.206" endtime="20210615 22:15:33.207"></status>
</kw>
<kw name="Log" library="BuiltIn" type="teardown">
<doc>Logs the given message with the given level.</doc>
<arguments>
<arg>I am inside Test Teardown</arg>
</arguments>
<msg timestamp="20210615 22:15:33.208" level="INFO">I am inside Test Teardown</msg>
<status status="PASS" starttime="20210615 22:15:33.207" endtime="20210615 22:15:33.208"></status>
</kw>
<tags>
<tag>smoke</tag>
</tags>
<status status="PASS" starttime="20210615 22:15:33.205" endtime="20210615 22:15:33.208" critical="yes"></status>
</test>
<kw name="Log" library="BuiltIn" type="teardown">
<doc>Logs the given message with the given level.</doc>
<arguments>
<arg>I am inside Test Suite Teardown</arg>
</arguments>
<msg timestamp="20210615 22:15:33.210" level="INFO">I am inside Test Suite Teardown</msg>
<status status="PASS" starttime="20210615 22:15:33.210" endtime="20210615 22:15:33.210"></status>
</kw>
<status status="PASS" starttime="20210615 22:15:32.932" endtime="20210615 22:15:33.210"></status>
</suite>
<statistics>
<total>
<stat pass="1" fail="0">Critical Tests</stat>
<stat pass="1" fail="0">All Tests</stat>
</total>
<tag>
<stat pass="1" fail="0">smoke</stat>
</tag>
<suite>
<stat pass="1" fail="0" id="s1" name="TestSuite1">TestSuite1</stat>
</suite>
</statistics>
<errors>
</errors>
</robot>
